<?xml version="1.0" encoding="UTF-8"?>
<!-- Generated by org.testng.reporters.JUnitReportReporter -->
<testsuite hostname="DESKTOP-Subajit-Paul" failures="0" tests="6" name="alltest.all_testcases" time="70.133" errors="0" timestamp="2022-05-07T16:48:06 IST" skipped="0">
  <testcase classname="alltest.all_testcases" name="open_browser" time="13.686"/>
  <system-out/>
  <testcase classname="alltest.all_testcases" name="car_emi" time="7.787"/>
  <system-out/>
  <testcase classname="alltest.all_testcases" name="home_emi" time="13.685"/>
  <system-out/>
  <testcase classname="alltest.all_testcases" name="emi_calculator" time="12.417"/>
  <system-out/>
  <testcase classname="alltest.all_testcases" name="loan_amount_calculator" time="9.940"/>
  <system-out/>
  <testcase classname="alltest.all_testcases" name="loan_tenure_calculator" time="12.618"/>
  <system-out/>
</testsuite> <!-- alltest.all_testcases -->
