<?xml version="1.0" encoding="UTF-8"?>
<!-- Generated by org.testng.reporters.JUnitReportReporter -->
<testsuite hostname="LAPTOP-6HI5R7OD" failures="0" tests="2" name="com.CarEMICalculator.CarEMI" time="6.187" errors="0" timestamp="2022-11-27T13:48:38 IST" skipped="0">
  <testcase classname="com.CarEMICalculator.CarEMI" name="getdata" time="1.798"/>
  <system-out/>
  <testcase classname="com.CarEMICalculator.CarEMI" name="carEMIForm" time="4.389"/>
  <system-out/>
</testsuite> <!-- com.CarEMICalculator.CarEMI -->
