<?xml version="1.0" encoding="UTF-8"?>
<!-- Generated by org.testng.reporters.JUnitReportReporter -->
<testsuite hostname="kousalya" failures="0" tests="13" name="com.UICheck.UICheck" time="0.001" errors="0" timestamp="2021-04-16T16:16:22 IST" skipped="13">
  <testcase classname="com.UICheck.UICheck" name="loancalcnavigate" time="0.000">
    <skipped/>
  </testcase> <!-- loancalcnavigate -->
  <system-out/>
  <testcase classname="com.UICheck.UICheck" name="interestrateslidercheck" time="0.000">
    <skipped/>
  </testcase> <!-- interestrateslidercheck -->
  <system-out/>
  <testcase classname="com.UICheck.UICheck" name="loanamttextbox" time="0.000">
    <skipped/>
  </testcase> <!-- loanamttextbox -->
  <system-out/>
  <testcase classname="com.UICheck.UICheck" name="loantermslider" time="0.001">
    <skipped/>
  </testcase> <!-- loantermslider -->
  <system-out/>
  <testcase classname="com.UICheck.UICheck" name="loanamtslider" time="0.000">
    <skipped/>
  </testcase> <!-- loanamtslider -->
  <system-out/>
  <testcase classname="com.UICheck.UICheck" name="loanfeeslidercheck" time="0.000">
    <skipped/>
  </testcase> <!-- loanfeeslidercheck -->
  <system-out/>
  <testcase classname="com.UICheck.UICheck" name="interestratetextbox" time="0.000">
    <skipped/>
  </testcase> <!-- interestratetextbox -->
  <system-out/>
  <testcase classname="com.UICheck.UICheck" name="feechargesslider" time="0.000">
    <skipped/>
  </testcase> <!-- feechargesslider -->
  <system-out/>
  <testcase classname="com.UICheck.UICheck" name="loantermtextbox" time="0.000">
    <skipped/>
  </testcase> <!-- loantermtextbox -->
  <system-out/>
  <testcase classname="com.UICheck.UICheck" name="loantermslidercheck" time="0.000">
    <skipped/>
  </testcase> <!-- loantermslidercheck -->
  <system-out/>
  <testcase classname="com.UICheck.UICheck" name="loanamtslidercheck" time="0.000">
    <skipped/>
  </testcase> <!-- loanamtslidercheck -->
  <system-out/>
  <testcase classname="com.UICheck.UICheck" name="interestrateslider" time="0.000">
    <skipped/>
  </testcase> <!-- interestrateslider -->
  <system-out/>
  <testcase classname="com.UICheck.UICheck" name="feechargestextbox" time="0.000">
    <skipped/>
  </testcase> <!-- feechargestextbox -->
  <system-out/>
</testsuite> <!-- com.UICheck.UICheck -->
