<?xml version="1.0" encoding="UTF-8"?>
<!-- Generated by org.testng.reporters.JUnitReportReporter -->
<testsuite hostname="LAPTOP-6HI5R7OD" failures="0" tests="2" name="com.HomeEMICalculator.HomeEMI" time="12.966" errors="0" timestamp="2022-11-26T18:10:17 IST" skipped="0">
  <testcase classname="com.HomeEMICalculator.HomeEMI" name="homeemi" time="6.331"/>
  <system-out/>
  <testcase classname="com.HomeEMICalculator.HomeEMI" name="dataexport" time="6.635"/>
  <system-out/>
</testsuite> <!-- com.HomeEMICalculator.HomeEMI -->
